  assembly.cpp
C:\Users\vumin\OneDrive - North Dakota University System\CSCI 452 Compiler\Top_Down_Compiler\Top_Down_Compiler\assembly.cpp(8,2): error C4235: nonstandard extension used: '__asm' keyword not supported on this architecture
C:\Users\vumin\OneDrive - North Dakota University System\CSCI 452 Compiler\Top_Down_Compiler\Top_Down_Compiler\assembly.cpp(9,3): error C2065: 'push': undeclared identifier
C:\Users\vumin\OneDrive - North Dakota University System\CSCI 452 Compiler\Top_Down_Compiler\Top_Down_Compiler\assembly.cpp(9,8): error C2146: syntax error: missing ';' before identifier 'eax'
C:\Users\vumin\OneDrive - North Dakota University System\CSCI 452 Compiler\Top_Down_Compiler\Top_Down_Compiler\assembly.cpp(9,8): error C2065: 'eax': undeclared identifier
C:\Users\vumin\OneDrive - North Dakota University System\CSCI 452 Compiler\Top_Down_Compiler\Top_Down_Compiler\assembly.cpp(10,3): error C2146: syntax error: missing ';' before identifier 'push'
C:\Users\vumin\OneDrive - North Dakota University System\CSCI 452 Compiler\Top_Down_Compiler\Top_Down_Compiler\assembly.cpp(10,3): error C2065: 'push': undeclared identifier
C:\Users\vumin\OneDrive - North Dakota University System\CSCI 452 Compiler\Top_Down_Compiler\Top_Down_Compiler\assembly.cpp(10,8): error C2146: syntax error: missing ';' before identifier 'ebx'
C:\Users\vumin\OneDrive - North Dakota University System\CSCI 452 Compiler\Top_Down_Compiler\Top_Down_Compiler\assembly.cpp(10,8): error C2065: 'ebx': undeclared identifier
C:\Users\vumin\OneDrive - North Dakota University System\CSCI 452 Compiler\Top_Down_Compiler\Top_Down_Compiler\assembly.cpp(11,3): error C2146: syntax error: missing ';' before identifier 'push'
C:\Users\vumin\OneDrive - North Dakota University System\CSCI 452 Compiler\Top_Down_Compiler\Top_Down_Compiler\assembly.cpp(11,3): error C2065: 'push': undeclared identifier
C:\Users\vumin\OneDrive - North Dakota University System\CSCI 452 Compiler\Top_Down_Compiler\Top_Down_Compiler\assembly.cpp(11,8): error C2146: syntax error: missing ';' before identifier 'ecx'
C:\Users\vumin\OneDrive - North Dakota University System\CSCI 452 Compiler\Top_Down_Compiler\Top_Down_Compiler\assembly.cpp(11,8): error C2065: 'ecx': undeclared identifier
C:\Users\vumin\OneDrive - North Dakota University System\CSCI 452 Compiler\Top_Down_Compiler\Top_Down_Compiler\assembly.cpp(12,3): error C2146: syntax error: missing ';' before identifier 'push'
C:\Users\vumin\OneDrive - North Dakota University System\CSCI 452 Compiler\Top_Down_Compiler\Top_Down_Compiler\assembly.cpp(12,3): error C2065: 'push': undeclared identifier
C:\Users\vumin\OneDrive - North Dakota University System\CSCI 452 Compiler\Top_Down_Compiler\Top_Down_Compiler\assembly.cpp(12,8): error C2146: syntax error: missing ';' before identifier 'edx'
C:\Users\vumin\OneDrive - North Dakota University System\CSCI 452 Compiler\Top_Down_Compiler\Top_Down_Compiler\assembly.cpp(12,8): error C2065: 'edx': undeclared identifier
C:\Users\vumin\OneDrive - North Dakota University System\CSCI 452 Compiler\Top_Down_Compiler\Top_Down_Compiler\assembly.cpp(13,3): error C2146: syntax error: missing ';' before identifier 'push'
C:\Users\vumin\OneDrive - North Dakota University System\CSCI 452 Compiler\Top_Down_Compiler\Top_Down_Compiler\assembly.cpp(13,3): error C2065: 'push': undeclared identifier
C:\Users\vumin\OneDrive - North Dakota University System\CSCI 452 Compiler\Top_Down_Compiler\Top_Down_Compiler\assembly.cpp(13,8): error C2146: syntax error: missing ';' before identifier 'ebp'
C:\Users\vumin\OneDrive - North Dakota University System\CSCI 452 Compiler\Top_Down_Compiler\Top_Down_Compiler\assembly.cpp(13,8): error C2065: 'ebp': undeclared identifier
C:\Users\vumin\OneDrive - North Dakota University System\CSCI 452 Compiler\Top_Down_Compiler\Top_Down_Compiler\assembly.cpp(14,3): error C2146: syntax error: missing ';' before identifier 'push'
C:\Users\vumin\OneDrive - North Dakota University System\CSCI 452 Compiler\Top_Down_Compiler\Top_Down_Compiler\assembly.cpp(14,3): error C2065: 'push': undeclared identifier
C:\Users\vumin\OneDrive - North Dakota University System\CSCI 452 Compiler\Top_Down_Compiler\Top_Down_Compiler\assembly.cpp(14,8): error C2146: syntax error: missing ';' before identifier 'edi'
C:\Users\vumin\OneDrive - North Dakota University System\CSCI 452 Compiler\Top_Down_Compiler\Top_Down_Compiler\assembly.cpp(14,8): error C2065: 'edi': undeclared identifier
C:\Users\vumin\OneDrive - North Dakota University System\CSCI 452 Compiler\Top_Down_Compiler\Top_Down_Compiler\assembly.cpp(15,3): error C2146: syntax error: missing ';' before identifier 'push'
C:\Users\vumin\OneDrive - North Dakota University System\CSCI 452 Compiler\Top_Down_Compiler\Top_Down_Compiler\assembly.cpp(15,3): error C2065: 'push': undeclared identifier
C:\Users\vumin\OneDrive - North Dakota University System\CSCI 452 Compiler\Top_Down_Compiler\Top_Down_Compiler\assembly.cpp(15,8): error C2146: syntax error: missing ';' before identifier 'esi'
C:\Users\vumin\OneDrive - North Dakota University System\CSCI 452 Compiler\Top_Down_Compiler\Top_Down_Compiler\assembly.cpp(15,8): error C2065: 'esi': undeclared identifier
C:\Users\vumin\OneDrive - North Dakota University System\CSCI 452 Compiler\Top_Down_Compiler\Top_Down_Compiler\assembly.cpp(16,3): error C2146: syntax error: missing ';' before identifier 'push'
C:\Users\vumin\OneDrive - North Dakota University System\CSCI 452 Compiler\Top_Down_Compiler\Top_Down_Compiler\assembly.cpp(16,3): error C2065: 'push': undeclared identifier
C:\Users\vumin\OneDrive - North Dakota University System\CSCI 452 Compiler\Top_Down_Compiler\Top_Down_Compiler\assembly.cpp(16,8): error C2146: syntax error: missing ';' before identifier 'esp'
C:\Users\vumin\OneDrive - North Dakota University System\CSCI 452 Compiler\Top_Down_Compiler\Top_Down_Compiler\assembly.cpp(16,8): error C2065: 'esp': undeclared identifier
C:\Users\vumin\OneDrive - North Dakota University System\CSCI 452 Compiler\Top_Down_Compiler\Top_Down_Compiler\assembly.cpp(18,3): error C2146: syntax error: missing ';' before identifier 'lea'
C:\Users\vumin\OneDrive - North Dakota University System\CSCI 452 Compiler\Top_Down_Compiler\Top_Down_Compiler\assembly.cpp(18,3): error C2065: 'lea': undeclared identifier
C:\Users\vumin\OneDrive - North Dakota University System\CSCI 452 Compiler\Top_Down_Compiler\Top_Down_Compiler\assembly.cpp(18,7): error C2146: syntax error: missing ';' before identifier 'edi'
C:\Users\vumin\OneDrive - North Dakota University System\CSCI 452 Compiler\Top_Down_Compiler\Top_Down_Compiler\assembly.cpp(18,7): error C2065: 'edi': undeclared identifier
C:\Users\vumin\OneDrive - North Dakota University System\CSCI 452 Compiler\Top_Down_Compiler\Top_Down_Compiler\assembly.cpp(19,3): error C2146: syntax error: missing ';' before identifier 'jmp'
C:\Users\vumin\OneDrive - North Dakota University System\CSCI 452 Compiler\Top_Down_Compiler\Top_Down_Compiler\assembly.cpp(19,3): error C2065: 'jmp': undeclared identifier
C:\Users\vumin\OneDrive - North Dakota University System\CSCI 452 Compiler\Top_Down_Compiler\Top_Down_Compiler\assembly.cpp(19,7): error C2146: syntax error: missing ';' before identifier 'kmain'
C:\Users\vumin\OneDrive - North Dakota University System\CSCI 452 Compiler\Top_Down_Compiler\Top_Down_Compiler\assembly.cpp(19,7): error C2065: 'kmain': undeclared identifier
C:\Users\vumin\OneDrive - North Dakota University System\CSCI 452 Compiler\Top_Down_Compiler\Top_Down_Compiler\assembly.cpp(22,3): error C2146: syntax error: missing ';' before identifier 'kmain'
C:\Users\vumin\OneDrive - North Dakota University System\CSCI 452 Compiler\Top_Down_Compiler\Top_Down_Compiler\assembly.cpp(25,3): error C2065: 'mov': undeclared identifier
C:\Users\vumin\OneDrive - North Dakota University System\CSCI 452 Compiler\Top_Down_Compiler\Top_Down_Compiler\assembly.cpp(25,7): error C2146: syntax error: missing ';' before identifier 'eax'
C:\Users\vumin\OneDrive - North Dakota University System\CSCI 452 Compiler\Top_Down_Compiler\Top_Down_Compiler\assembly.cpp(25,7): error C2065: 'eax': undeclared identifier
C:\Users\vumin\OneDrive - North Dakota University System\CSCI 452 Compiler\Top_Down_Compiler\Top_Down_Compiler\assembly.cpp(25,15): error C2760: syntax error: '+' was unexpected here; expected ','
C:\Users\vumin\OneDrive - North Dakota University System\CSCI 452 Compiler\Top_Down_Compiler\Top_Down_Compiler\assembly.cpp(25,17): error C2059: syntax error: ']'
